<?xml version="1.0" encoding="UTF-8"?>
<!-- Generated by org.testng.reporters.JUnitXMLReporter -->
<testsuite ignored="2" hostname="SReddy-PC" failures="0" tests="2" name="Test" time="28.204" errors="0" timestamp="2024-05-27T07:07:51 EDT">
  <testcase classname="testCasesForWritingTestCases.TC_001_Registartion" name="CreateAccount" time="14.829"/>
  <testcase classname="testCasesForWritingTestCases.TC_002_OpenNewAccount" name="NewAccount" time="10.843"/>
  <testcase classname="testBaseForBaseClass.BaseClass" name="@AfterSuite close" time="0.0">
    <ignored/>
  </testcase> <!-- @AfterSuite close -->
  <testcase classname="testBaseForBaseClass.BaseClass" name="@BeforeSuite setup" time="0.0">
    <ignored/>
  </testcase> <!-- @BeforeSuite setup -->
</testsuite> <!-- Test -->
