<?xml version="1.0" encoding="UTF-8"?>
<testng-results ignored="0" total="2" passed="2" failed="0" skipped="0">
  <reporter-output>
  </reporter-output>
  <suite started-at="2024-05-27T07:07:22 EDT" name="Suite" finished-at="2024-05-27T07:07:50 EDT" duration-ms="28204">
    <groups>
    </groups>
    <test started-at="2024-05-27T07:07:22 EDT" name="Test" finished-at="2024-05-27T07:07:50 EDT" duration-ms="28204">
      <class name="testCasesForWritingTestCases.TC_001_Registartion">
        <test-method is-config="true" signature="setup()[pri:0, instance:testCasesForWritingTestCases.TC_001_Registartion@6f1de4c7]" started-at="2024-05-27T07:06:37 EDT" name="setup" finished-at="2024-05-27T07:07:22 EDT" duration-ms="44835" status="PASS">
          <reporter-output>
          </reporter-output>
        </test-method> <!-- setup -->
        <test-method signature="CreateAccount()[pri:0, instance:testCasesForWritingTestCases.TC_001_Registartion@6f1de4c7]" started-at="2024-05-27T07:07:24 EDT" name="CreateAccount" finished-at="2024-05-27T07:07:39 EDT" duration-ms="14829" status="PASS">
          <reporter-output>
          </reporter-output>
        </test-method> <!-- CreateAccount -->
        <test-method is-config="true" signature="close()[pri:0, instance:testCasesForWritingTestCases.TC_001_Registartion@6f1de4c7]" started-at="2024-05-27T07:07:51 EDT" name="close" finished-at="2024-05-27T07:07:52 EDT" duration-ms="713" status="PASS">
          <reporter-output>
          </reporter-output>
        </test-method> <!-- close -->
      </class> <!-- testCasesForWritingTestCases.TC_001_Registartion -->
      <class name="testCasesForWritingTestCases.TC_002_OpenNewAccount">
        <test-method signature="NewAccount()[pri:0, instance:testCasesForWritingTestCases.TC_002_OpenNewAccount@48f2bd5b]" started-at="2024-05-27T07:07:39 EDT" name="NewAccount" finished-at="2024-05-27T07:07:50 EDT" duration-ms="10843" status="PASS">
          <reporter-output>
          </reporter-output>
        </test-method> <!-- NewAccount -->
      </class> <!-- testCasesForWritingTestCases.TC_002_OpenNewAccount -->
    </test> <!-- Test -->
  </suite> <!-- Suite -->
</testng-results>
